Determining if the function shm_open exists in the rt failed with the following output:
Change Dir: C:/Users/up202009291/Desktop/aed2223_p06/cmake-build-debug/CMakeFiles/CMakeTmp

Run Build Command(s):C:/Program Files/JetBrains/CLion 2022.2.1/bin/ninja/win/ninja.exe cmTC_6c9f3 && [1/2] Building C object CMakeFiles/cmTC_6c9f3.dir/CheckFunctionExists.c.obj
[2/2] Linking C executable cmTC_6c9f3.exe
FAILED: cmTC_6c9f3.exe 
cmd.exe /C "cd . && C:\PROGRA~1\JETBRA~1\CLION2~1.1\bin\mingw\bin\gcc.exe -DCHECK_FUNCTION_EXISTS=shm_open  CMakeFiles/cmTC_6c9f3.dir/CheckFunctionExists.c.obj -o cmTC_6c9f3.exe -Wl,--out-implib,libcmTC_6c9f3.dll.a -Wl,--major-image-version,0,--minor-image-version,0  -lrt  -lkernel32 -luser32 -lgdi32 -lwinspool -lshell32 -lole32 -loleaut32 -luuid -lcomdlg32 -ladvapi32 && cd ."
C:\Program Files\JetBrains\CLion 2022.2.1\bin\mingw\bin/ld.exe: cannot find -lrt
collect2.exe: error: ld returned 1 exit status
ninja: build stopped: subcommand failed.



Performing C++ SOURCE FILE Test HAVE_CXX_FLAG_WSHORTEN_64_TO_32 failed with the following output:
Change Dir: C:/Users/up202009291/Desktop/aed2223_p06/cmake-build-debug/CMakeFiles/CMakeTmp

Run Build Command(s):C:/Program Files/JetBrains/CLion 2022.2.1/bin/ninja/win/ninja.exe cmTC_1eab7 && [1/2] Building CXX object CMakeFiles/cmTC_1eab7.dir/src.cxx.obj
FAILED: CMakeFiles/cmTC_1eab7.dir/src.cxx.obj 
C:\PROGRA~1\JETBRA~1\CLION2~1.1\bin\mingw\bin\G__~1.EXE -DHAVE_CXX_FLAG_WSHORTEN_64_TO_32  -Wall  -Wextra  -Wshadow  -Wfloat-equal  -pedantic  -pedantic-errors  -Wshorten-64-to-32   -Wshorten-64-to-32 -std=c++11 -o CMakeFiles/cmTC_1eab7.dir/src.cxx.obj -c C:/Users/up202009291/Desktop/aed2223_p06/cmake-build-debug/CMakeFiles/CMakeTmp/src.cxx
G__~1.EXE: error: unrecognized command-line option '-Wshorten-64-to-32'
G__~1.EXE: error: unrecognized command-line option '-Wshorten-64-to-32'
ninja: build stopped: subcommand failed.


Source file was:
int main() { return 0; }
Performing C++ SOURCE FILE Test HAVE_CXX_FLAG_WD654 failed with the following output:
Change Dir: C:/Users/up202009291/Desktop/aed2223_p06/cmake-build-debug/CMakeFiles/CMakeTmp

Run Build Command(s):C:/Program Files/JetBrains/CLion 2022.2.1/bin/ninja/win/ninja.exe cmTC_06808 && [1/2] Building CXX object CMakeFiles/cmTC_06808.dir/src.cxx.obj
FAILED: CMakeFiles/cmTC_06808.dir/src.cxx.obj 
C:\PROGRA~1\JETBRA~1\CLION2~1.1\bin\mingw\bin\G__~1.EXE -DHAVE_CXX_FLAG_WD654  -Wall  -Wextra  -Wshadow  -Wfloat-equal  -pedantic  -pedantic-errors  -fstrict-aliasing  -Wno-deprecated-declarations  -Wstrict-aliasing  -wd654   -wd654 -std=c++11 -o CMakeFiles/cmTC_06808.dir/src.cxx.obj -c C:/Users/up202009291/Desktop/aed2223_p06/cmake-build-debug/CMakeFiles/CMakeTmp/src.cxx
G__~1.EXE: error: unrecognized command-line option '-wd654'
G__~1.EXE: error: unrecognized command-line option '-wd654'
ninja: build stopped: subcommand failed.


Source file was:
int main() { return 0; }
Performing C++ SOURCE FILE Test HAVE_CXX_FLAG_WTHREAD_SAFETY failed with the following output:
Change Dir: C:/Users/up202009291/Desktop/aed2223_p06/cmake-build-debug/CMakeFiles/CMakeTmp

Run Build Command(s):C:/Program Files/JetBrains/CLion 2022.2.1/bin/ninja/win/ninja.exe cmTC_eab99 && [1/2] Building CXX object CMakeFiles/cmTC_eab99.dir/src.cxx.obj
FAILED: CMakeFiles/cmTC_eab99.dir/src.cxx.obj 
C:\PROGRA~1\JETBRA~1\CLION2~1.1\bin\mingw\bin\G__~1.EXE -DHAVE_CXX_FLAG_WTHREAD_SAFETY  -Wall  -Wextra  -Wshadow  -Wfloat-equal  -pedantic  -pedantic-errors  -fstrict-aliasing  -Wno-deprecated-declarations  -Wstrict-aliasing  -Wthread-safety   -Wthread-safety -std=c++11 -o CMakeFiles/cmTC_eab99.dir/src.cxx.obj -c C:/Users/up202009291/Desktop/aed2223_p06/cmake-build-debug/CMakeFiles/CMakeTmp/src.cxx
G__~1.EXE: error: unrecognized command-line option '-Wthread-safety'
G__~1.EXE: error: unrecognized command-line option '-Wthread-safety'
ninja: build stopped: subcommand failed.


Source file was:
int main() { return 0; }
